2024-09-15 17:38:10.186 -04:00 [INF] Http status codes
200: 1
Total files: 17, Total estimated size: 23.33 GiB
Total directories: 1
Total HTTP requests: 1, Total HTTP traffic: 2.57 kiB
|**Url:** [https://dl1.doostihaa.com/files/Movie/...](https://dl1.doostihaa.com/files/Movie/2019/J/)|||
|:-|-:|-:|
|**Extension (Top 5)**|**Files**|**Size**|
|.mkv|15|23.12 GiB|
|.mka|2|211.77 MiB|
|**Dirs:** 1 **Ext:** 2|**Total:** 17|**Total:** 23.33 GiB|
|**Date (UTC):** 2024-09-15 21:38:02|**Time:** 00:00:07||

^(Created by [KoalaBear84's OpenDirectory Indexer v3.1.0.1](https://github.com/KoalaBear84/OpenDirectoryDownloader/))

ithub.com/KoalaBear84/OpenDirectoryDownloader/))

2024-09-15 17:41:25.239 -04:00 [INF] Http status codes
200: 1
Total files: 0, Total estimated size: n/a
Total directories: 1
Total HTTP requests: 1, Total HTTP traffic: 900.42 kiB
|**Url:** [https://milsteadonmovies.jimdoweb.com/...](https://milsteadonmovies.jimdoweb.com/index-of-reviews/)|||
|:-|-:|-:|
|**Extension (Top 5)**|**Files**|**Size**|
|**Dirs:** 1 **Ext:** 0|**Total:** 0|**Total:** n/a|
|**Date (UTC):** 2024-09-15 21:41:18|**Time:** 00:00:07||

^(Created by [KoalaBear84's OpenDirectory Indexer v3.1.0.1](https://github.com/KoalaBear84/OpenDirectoryDownloader/))

 OpenDirectory Indexer v3.1.0.1](https://github.com/KoalaBear84/OpenDirectoryDownloader/))

2024-09-15 17:45:15.748 -04:00 [INF] Http status codes
200: 1
Total files: 0, Total estimated size: n/a
Total directories: 1
Total HTTP requests: 1, Total HTTP traffic: 900.42 kiB
|**Url:** [https://milsteadonmovies.jimdoweb.com/...](https://milsteadonmovies.jimdoweb.com/index-of-reviews/)|||
|:-|-:|-:|
|**Extension (Top 5)**|**Files**|**Size**|
|**Dirs:** 1 **Ext:** 0|**Total:** 0|**Total:** n/a|
|**Date (UTC):** 2024-09-15 21:45:01|**Time:** 00:00:14||

^(Created by [KoalaBear84's OpenDirectory Indexer v3.1.0.1](https://github.com/KoalaBear84/OpenDirectoryDownloader/))

 OpenDirectory Indexer v3.1.0.1](https://github.com/KoalaBear84/OpenDirectoryDownloader/))

2024-09-15 17:46:07.237 -04:00 [INF] Http status codes
200: 1
Total files: 0, Total estimated size: n/a
Total directories: 1
Total HTTP requests: 1, Total HTTP traffic: 900.42 kiB
|**Url:** [https://milsteadonmovies.jimdoweb.com/...](https://milsteadonmovies.jimdoweb.com/index-of-reviews/)|||
|:-|-:|-:|
|**Extension (Top 5)**|**Files**|**Size**|
|**Dirs:** 1 **Ext:** 0|**Total:** 0|**Total:** n/a|
|**Date (UTC):** 2024-09-15 21:46:00|**Time:** 00:00:06||

^(Created by [KoalaBear84's OpenDirectory Indexer v3.1.0.1](https://github.com/KoalaBear84/OpenDirectoryDownloader/))

 OpenDirectory Indexer v3.1.0.1](https://github.com/KoalaBear84/OpenDirectoryDownloader/))

2024-09-15 17:50:59.497 -04:00 [INF] Http status codes
200: 4
Total files: 13,434, Total estimated size: 1.72 GiB
Total directories: 4
Total HTTP requests: 4, Total HTTP traffic: 4.28 MiB
|**Url:** [http://www.blackjackvideo.com.ar/blog/...](http://www.blackjackvideo.com.ar/blog/wp-content/uploads/wpsc/product_images/)|||
|:-|-:|-:|
|**Extension (Top 5)**|**Files**|**Size**|
|.jpg|13,276|1.56 GiB|
|.jpeg|74|139.67 MiB|
|.png|50|18.78 MiB|
|.pdf|2|3.38 MiB|
|.zip|6|2.26 MiB|
|**Dirs:** 4 **Ext:** 8|**Total:** 13,434|**Total:** 1.72 GiB|
|**Date (UTC):** 2024-09-15 21:50:43|**Time:** 00:00:15||

^(Created by [KoalaBear84's OpenDirectory Indexer v3.1.0.1](https://github.com/KoalaBear84/OpenDirectoryDownloader/))

ader/))

Http status codes
200: 1
Total files: 1, Total estimated size: n/a
Total directories: 1
Total HTTP requests: 1, Total HTTP traffic: 111.12 kiB
|**Url:** [https://archive.ph/2020.08.28-220309/h...](https://archive.ph/2020.08.28-220309/http://103.133.204.82/Data/Disk2/English Movie/2019/IO (2019)/)|||
|:-|-:|-:|
|**Extension (Top 5)**|**Files**|**Size**|
||1|n/a|
|**Dirs:** 1 **Ext:** 1|**Total:** 1|**Total:** n/a|
|**Date (UTC):** 2024-09-15 21:50:49|**Time:** 00:00:05||

^(Created by [KoalaBear84's OpenDirectory 2024-09-15 17:51:05.731 -04:00 [INF] Http status codes
200: 1
Total files: 0, Total estimated size: n/a
Total directories: 1
Total HTTP requests: 1, Total HTTP traffic: 900.42 kiB
|**Url:** [https://milsteadonmovies.jimdoweb.com/...](https://milsteadonmovies.jimdoweb.com/index-of-reviews/)|||
|:-|-:|-:|
|**Extension (Top 5)**|**Files**|**Size**|
|**Dirs:** 1 **Ext:** 0|**Total:** 0|**Total:** n/a|
|**Date (UTC):** 2024-09-15 21:50:50|**Time:** 00:00:15||

^(Created by [KoalaBear84's OpenDirectory Indexer v3.1.0.1](https://github.com/KoalaBear84/OpenDirectoryDownloader/))

](https://github.com/KoalaBear84/OpenDirectoryDownloader/))

2024-09-15 17:51:06.740 -04:00 [INF] Http status codes
200: 1
Total files: 3,619, Total estimated size: 314.45 MiB
Total directories: 1
Total HTTP requests: 1, Total HTTP traffic: .97 MiB
|**Url:** [https://www.truemovie.com/2017photo/](https://www.truemovie.com/2017photo/)|||
|:-|-:|-:|
|**Extension (Top 5)**|**Files**|**Size**|
|.jpg|3,572|297.45 MiB|
|.png|44|16.31 MiB|
|.jpeg|3|704 kiB|
|**Dirs:** 1 **Ext:** 3|**Total:** 3,619|**Total:** 314.45 MiB|
|**Date (UTC):** 2024-09-15 21:51:02|**Time:** 00:00:04||

^(Created by [KoalaBear84's OpenDirectory Indexer v3.1.0.1](https://github.com/KoalaBear84/OpenDirectoryDownloader/))

 17:51:06.367 -04:00 [INF] Http status codes
200: 1
Total files: 5, Total estimated size: n/a
Total directories: 1
Total HTTP requests: 1, Total HTTP traffic: 496 B
|**Url:** [http://158.174.113.85/snusk/](http://158.174.113.85/snusk/)|||
|:-|-:|-:|
|**Extension (Top 5)**|**Files**|**Size**|
|.mp4|5|n/a|
|**Dirs:** 1 **Ext:** 1|**Total:** 5|**Total:** n/a|
|**Date (UTC):** 2024-09-15 21:51:05|**Time:** 00:00:01||

^(Created by [KoalaBear84's OpenDirectory Indexer v3.1.0.1](https://github.com/KoalaBear84/OpenDirectoryDownloader/))

2024-09-15 17:56:44.008 -04:00 [INF] Http status codes
200: 1
Total files: 6,435, Total estimated size: 419.75 GiB
Total directories: 1
Total HTTP requests: 1, Total HTTP traffic: 1.41 MiB
|**Url:** [https://mirror.math.princeton.edu/pub/...](https://mirror.math.princeton.edu/pub/TED-talks/)|||
|:-|-:|-:|
|**Extension (Top 5)**|**Files**|**Size**|
|.mp4|6,435|419.75 GiB|
|**Dirs:** 1 **Ext:** 1|**Total:** 6,435|**Total:** 419.75 GiB|
|**Date (UTC):** 2024-09-15 21:56:35|**Time:** 00:00:08||

^(Created by [KoalaBear84's OpenDirectory Indexer v3.1.0.1](https://github.com/KoalaBear84/OpenDirectoryDownloader/))

Downloader/))

tps://github.com/KoalaBear84/OpenD2024-09-15 17:56:43.7082024-09-15 17:56:48.733 -04:00 [INF] Http status codes
200: 18
Total files: 173, Total estimated size: 286.52 MiB
Total directories: 18
Total HTTP requests: 18, Total HTTP traffic: 82.42 kiB
|**Url:** [https://www.control.utoronto.ca/people...](https://www.control.utoronto.ca/people/profs/ted.old/?C=N;O=D)|||
|:-|-:|-:|
|**Extension (Top 5)**|**Files**|**Size**|
|.avi|3|263 MiB|
|.ps|51|8.07 MiB|
|.old|4|5.68 MiB|
|.pdf|16|3.6 MiB|
|.exe|2|2.14 MiB|
|**Dirs:** 18 **Ext:** 23|**Total:** 173|**Total:** 286.52 MiB|
|**Date (UTC):** 2024-09-15 21:56:43|**Time:** 00:00:05||

^(Created by [KoalaBear84's OpenDirectory Indexer v2024-09-152024-09-15 17:56:52.199 -04:00 [INF] Http status codes
200: 1
Total files: 51, Total estimated size: 1.48 GiB
Total directories: 1
Total HTTP requests: 1, Total HTTP traffic: 10.17 kiB
|**Url:** [https://www.thereelbits.com/wp-content...](https://www.thereelbits.com/wp-content/uploads/video/)|||
|:-|-:|-:|
|**Extension (Top 5)**|**Files**|**Size**|
|.mov|26|1.08 GiB|
|.mp4|21|364.3 MiB|
|.flv|2|28 MiB|
|.m4v|2|20 MiB|
|**Dirs:** 1 **Ext:** 4|**Total:** 51|**Total:** 1.48 GiB|
|**Date (UTC):** 2024-09-15 21:56:46|**Time:** 00:00:05||

^(Created by [KoalaBear84's OpenDirectory Indexer v3.1.2024-09-15 17:56:55.747 -04:00 [INF] Http status codes
200: 1
Total files: 4,535, Total estimated size: 357.41 GiB
Total directories: 1
Total HTTP requests: 1, Total HTTP traffic: 852.87 kiB
|**Url:** [https://www.goforbroke.org/oral_histor...](https://www.goforbroke.org/oral_histories/mp4/)|||
|:-|-:|-:|
|**Extension (Top 5)**|**Files**|**Size**|
|.m4v|4,498|352.93 GiB|
|.mp3|36|4.48 GiB|
|.php|1|297 B|
|**Dirs:** 1 **Ext:** 3|**Total:** 4,535|**Total:** 357.41 GiB|
|**Date (UTC):** 2024-09-15 21:56:51|**Time:** 00:00:04||

^(Created by [KoalaBear84's OpenDirectory Indexer v3.1.0.1](https://github.com/KoalaBear84/OpenDirectoryDownloader/))

nDirectoryDownloader/))

2024-09-15 17:56:54.948 -04:00 [INF] Http status codes
200: 5
Total files: 52, Total estimated size: 6.42 GiB
Total directories: 5
Total HTTP requests: 5, Total HTTP traffic: 9.85 kiB
|**Url:** [https://neuron.yale.edu/ftp/ted/nsgout...](https://neuron.yale.edu/ftp/ted/nsgoutreach/)|||
|:-|-:|-:|
|**Extension (Top 5)**|**Files**|**Size**|
|.mp4|20|6.3 GiB|
|.pdf|25|95.8 MiB|
|.zip|6|27.83 MiB|
||1|28 kiB|
|**Dirs:** 5 **Ext:** 4|**Total:** 52|**Total:** 6.42 GiB|
|**Date (UTC):** 2024-09-15 21:56:53|**Time:** 00:00:01||

^(Created by [KoalaBear84's OpenDirectory Indexer v3.1.0.1](https://github.com/KoalaBear84/OpenDirectoryDownloader/))

2024-09-15 17:56:58.396 -04:00 [INF] Http status codes
200: 1
Total files: 29, Total estimated size: 2.57 GiB
Total directories: 1
Total HTTP requests: 1, Total HTTP traffic: 6.66 kiB
|**Url:** [http://www.fmcom.com.br/web/videos-sdv/](http://www.fmcom.com.br/web/videos-sdv/)|||
|:-|-:|-:|
|**Extension (Top 5)**|**Files**|**Size**|
|.mp4|11|1.81 GiB|
|.webm|9|394.6 MiB|
|.ogv|9|385 MiB|
|**Dirs:** 1 **Ext:** 3|**Total:** 29|**Total:** 2.57 GiB|
|**Date (UTC):** 2024-09-15 21:56:56|**Time:** 00:00:02||

^(Created by [KoalaBear84's OpenDirectory Indexer v3.1.0.1](https://github.com/KoalaBear84/OpenDirectoryDownloader/))

2024-09-15 17:57:02.859 -04:00 [INF] Http status codes
200: 1
Total files: 23, Total estimated size: 2 GiB
Total directories: 1
Total HTTP requests: 1, Total HTTP traffic: 7.29 kiB
|**Url:** [https://samplecontents.library.ph/ted/...](https://samplecontents.library.ph/ted/2012/)|||
|:-|-:|-:|
|**Extension (Top 5)**|**Files**|**Size**|
|.mp4|23|2 GiB|
|**Dirs:** 1 **Ext:** 1|**Total:** 23|**Total:** 2 GiB|
|**Date (UTC):** 2024-09-15 21:57:00|**Time:** 00:00:02||

^(Created by [KoalaBear84's OpenDirectory Indexer v3.1.0.1](https://github.com/KoalaBear84/OpenDirectoryDownloader/))

2024-09-15 17:57:05.326 -04:00 [INF] Http status codes
200: 1
Total files: 3, Total estimated size: 164.3 kiB
Total directories: 1
Total HTTP requests: 1, Total HTTP traffic: 1.25 kiB
|**Url:** [https://avicasino.com/content/2-entert...](https://avicasino.com/content/2-entertainment/ted-vigil-john-denver-tribute/)|||
|:-|-:|-:|
|**Extension (Top 5)**|**Files**|**Size**|
|.jpg|2|163 kiB|
|.txt|1|1.3 kiB|
|**Dirs:** 1 **Ext:** 2|**Total:** 3|**Total:** 164.3 kiB|
|**Date (UTC):** 2024-09-15 21:57:03|**Time:** 00:00:02||

^(Created by [KoalaBear84's OpenDirectory Indexer v3.1.0.1](https://github.com/KoalaBear84/OpenDirectoryDownloader/))

2024-09-15 17:57:19.242 -04:00 [INF] Http status codes
200: 1
Total files: 1, Total estimated size: 11 kiB
Total directories: 1
Total HTTP requests: 1, Total HTTP traffic: 1.7 kiB
|**Url:** [https://www.mdspca.org/wp-content/uplo...](https://www.mdspca.org/wp-content/uploads/cache/2022/10/Ted-Lasso-154830/)|||
|:-|-:|-:|
|**Extension (Top 5)**|**Files**|**Size**|
|.jpeg|1|11 kiB|
|**Dirs:** 1 **Ext:** 1|**Total:** 1|**Total:** 11 kiB|
|**Date (UTC):** 2024-09-15 21:57:18|**Time:** 00:00:01||

^(Created by [KoalaBear84's OpenDirectory Indexer v3.1.0.1](https://github.com/KoalaBear84/OpenDirectoryDownloader/))

2024-09-15 20:22:58.174 -04:00 [INF] Http status codes
403: 3
Total files: 0, Total estimated size: n/a
Total directories: 1
Total HTTP requests: 1, Total HTTP traffic:  B
|**Url:** [https://www.aiptcomics.com/wp-content/...](https://www.aiptcomics.com/wp-content/uploads/2019/08/?SD)|||
|:-|-:|-:|
|**Extension (Top 5)**|**Files**|**Size**|
|**Dirs:** 1 **Ext:** 0|**Total:** 0|**Total:** n/a|
|**Date (UTC):** 2024-09-16 00:22:46|**Time:** 00:00:11||

^(Created by [KoalaBear84's OpenDirectory Indexer v3.1.0.1](https://github.com/KoalaBear84/OpenDirectoryDownloader/))

.1.0.1](https://github.com/KoalaBear84/OpenDirectoryDownloader/))

r/))

alaBear84/OpenDirectoryDownloader/))

2024-09-15 20:23:00.776 -04:00 [INF] Http status codes
200: 2
Total files: 450, Total estimated size: 5.78 GiB
Total directories: 2
Total HTTP requests: 2, Total HTTP traffic: 67.85 kiB
|**Url:** [http://www.mangas-arigatou.org/video-u...](http://www.mangas-arigatou.org/video-up/)|||
|:-|-:|-:|
|**Extension (Top 5)**|**Files**|**Size**|
|.webm|201|3.1 GiB|
|.mp4|138|2.02 GiB|
|.mp3|110|668.8 MiB|
|.filepart|1|7.2 MiB|
|**Dirs:** 2 **Ext:** 4|**Total:** 450|**Total:** 5.78 GiB|
|**Date (UTC):** 2024-09-16 00:22:52|**Time:** 00:00:08||

^(Created by [KoalaBear84's OpenDirectory Indexer v3.1.0.1](https://github.com/KoalaBear84/OpenDirectoryDownloader/))

))

loader/))

2024-09-15 20:23:07.614 -04:00 [INF] Http status codes
200: 1
503: 1
Total files: 13, Total estimated size: 10.84 GiB
Total directories: 1
Total HTTP requests: 1, Total HTTP traffic: 9.62 kiB
|**Url:** [https://dls7.top-topmovies.click/Donya...](https://dls7.top-topmovies.click/DonyayeSerial/series2/tt0903747/SoftSub/S02/1080p.BluRay/)|||
|:-|-:|-:|
|**Extension (Top 5)**|**Files**|**Size**|
|.mkv|13|10.84 GiB|
|**Dirs:** 1 **Ext:** 1|**Total:** 13|**Total:** 10.84 GiB|
|**Date (UTC):** 2024-09-16 00:22:59|**Time:** 00:00:08||

^(Created by [KoalaBear84's OpenDirectory Indexer v3.1.0.1](https://github.com/KoalaBear84/OpenDirectoryDownloader/))

 status codes
200: 1
Total files: 1,000, Total estimated size: 158.58 MiB
Total directories: 1
Total HTTP requests: 1, Total HTTP traffic: 258.89 kiB
|**Url:** [https://dight310.byu.edu/media/audio/F...](https://dight310.byu.edu/media/audio/FreeLoops.com/4/4/)|||
|:-|-:|-:|
|**Extension (Top 5)**|**Files**|**Size**|
|.mp3|1,000|158.58 MiB|
|**Dirs:** 1 **Ext:** 1|**Total:** 1,000|**Total:** 158.58 MiB|
|**Date (UTC):** 2024-09-16 00:23:01|**Time:** 00:00:04||

^(Created by [KoalaBear84's OpenDirectory Indexer v3.1.0.1](https://github.com/Ko2024-09-15 20:23:06.560 -04:00 [INF] Http2024-09-15 20:23:17.634 -04:00 [INF] Http status codes
200: 1
Total files: 2,759, Total estimated size: 4.49 GiB
Total directories: 1
Total HTTP requests: 1, Total HTTP traffic: 1.27 MiB
|**Url:** [https://www.hayatcongress.com/wp-conte...](https://www.hayatcongress.com/wp-content/uploads/2024/03/?MA)|||
|:-|-:|-:|
|**Extension (Top 5)**|**Files**|**Size**|
|.pptx|170|3.71 GiB|
|.mp4|1|528.87 MiB|
|.jpg|2,582|216.12 MiB|
|.pptm|1|60.44 MiB|
|.ppt|2|1.36 MiB|
|**Dirs:** 1 **Ext:** 7|**Total:** 2,759|**Total:** 4.49 GiB|
|**Date (UTC):** 2024-09-16 00:23:05|**Time:** 00:00:11||

^(Created by [KoalaBear84's OpenDirecto2024-09-15 20:23:21.150 -04:00 [INF] Http status codes
200: 1
Total files: 3,499, Total estimated size: 37.39 GiB
Total directories: 1
Total HTTP requests: 1, Total HTTP traffic: 688.32 kiB
|**Url:** [https://cvltnation.com/wp-content/audi...](https://cvltnation.com/wp-content/audio/?C=M;O=A)|||
|:-|-:|-:|
|**Extension (Top 5)**|**Files**|**Size**|
|.mp3|3,483|37.12 GiB|
|.m4a|8|221.8 MiB|
|.aif|1|26 MiB|
|.wav|1|25 MiB|
|.jpg|2|3.1 MiB|
|**Dirs:** 1 **Ext:** 7|**Total:** 3,499|**Total:** 37.39 GiB|
|**Date (UTC):** 2024-09-16 00:23:08|**Time:** 00:00:12||

^(Created by [KoalaBear84's OpenDirectory Indexer v3.1.0.1](https://github.com/KoalaBear84/OpenDirectoryDownloader/))

yDownloader/))

2024-09-15 20:23:24.971 -04:00 [INF] Http status codes
200: 43
Total files: 1,697, Total estimated size: .96 GiB
Total directories: 43
Total HTTP requests: 43, Total HTTP traffic: 680.97 kiB
|**Url:** [https://refp.cohlife.org/_iodine_p/](https://refp.cohlife.org/_iodine_p/)|||
|:-|-:|-:|
|**Extension (Top 5)**|**Files**|**Size**|
|.pdf|1,467|821.28 MiB|
|.mp4|9|134.1 MiB|
|.jpg|121|19.67 MiB|
|.epub|5|6.89 MiB|
|.docx|19|1.81 MiB|
|**Dirs:** 43 **Ext:** 17|**Total:** 1,697|**Total:** .96 GiB|
|**Date (UTC):** 2024-09-16 00:23:20|**Time:** 00:00:04||

^(Created2024-09-15 20:23:27.319 -04:00 [INF] Http status codes
200: 6
404: 16
Total files: 0, Total estimated size: n/a
Total directories: 36
Total HTTP requests: 22, Total HTTP traffic: 373.4 kiB
|**Url:** [https://originaltrilogy.com/topic/An-I...](https://originaltrilogy.com/topic/An-Index-Of-Projects-Help-Thread-for-Fan-Edits-Projects-for-Other-Properties/id/60623/)|||
|:-|-:|-:|
|**Extension (Top 5)**|**Files**|**Size**|
|**Dirs:** 36 **Ext:** 0|**Total:** 0|**Total:** n/a|
|**Date (UTC):** 2024-09-16 00:23:24|**Time:** 00:00:03||

^(Created by [KoalaBear84's OpenDirectory Indexer v3.1.0.1](https://github.com/KoalaBear84/OpenDirectoryDownloader/))

r/))

2024-09-15 20:23:52.611 -04:00 [INF] Http status codes
200: 16
Total files: 124, Total estimated size: 73.51 GiB
Total directories: 16
Total HTTP requests: 16, Total HTTP traffic: 22.86 kiB
|**Url:** [https://s1.doshakhe.com/series/Breakin...](https://s1.doshakhe.com/series/Breaking Bad/)|||
|:-|-:|-:|
|**Extension (Top 5)**|**Files**|**Size**|
|.mkv|124|73.51 GiB|
|**Dirs:** 16 **Ext:** 1|**Total:** 124|**Total:** 73.51 GiB|
|**Date (UTC):** 2024-09-16 00:23:45|**Time:** 00:00:07||

^(Created by [KoalaBear84's OpenDirectory Indexer v3.1.0.1](https://github.com/KoalaBear84/OpenDirectoryDownloader/))

2024-09-15 20:34:55.218 -04:00 [INF] Http status codes
200: 10
403: 3
Total files: 1,896, Total estimated size: 448.4 MiB
Total directories: 11
Total HTTP requests: 11, Total HTTP traffic: 631.64 kiB
|**Url:** [https://www.cpapsales.com.au/blog/wp-c...](https://www.cpapsales.com.au/blog/wp-content/uploads/)|||
|:-|-:|-:|
|**Extension (Top 5)**|**Files**|**Size**|
|.gif|163|270.61 MiB|
|.jpg|1,307|98 MiB|
|.png|343|54.26 MiB|
|.mp4|2|21.04 MiB|
|.pdf|1|3.12 MiB|
|**Dirs:** 11 **Ext:** 14|**Total:** 1,896|**Total:** 448.4 MiB|
|**Date (UTC):** 2024-09-16 00:34:41|**Time:** 00:00:13||

^(Created by [KoalaBear84's OpenDirectory Indexer v3.1.0.1](https://github.com/KoalaBear84/OpenDirectoryDownloader/))

04:00 [INF] Http status codes
200: 1
Total files: 0, Total estimated size: n/a
Total directories: 1
Total HTTP requests: 1, Total HTTP traffic: 65.89 kiB
|**Url:** [https://benjamins.com/catalog/scl.106....](https://benjamins.com/catalog/scl.106.ti?srsltid=AfmBOor_LWETAZJ_JtVVWGY51357hvy8Cgt6H7pK_YQ8B2e2Pa9e0usj)|||
|:-|-:|-:|
|**Extension (Top 5)**|**Files**|**Size**|
|**Dirs:** 1 **Ext:** 0|**Total:** 0|**Total:** n/a|
|**Date (UTC):** 2024-09-16 00:34:48|**Time:** 00:00:04||

^(Created by [KoalaBear84's OpenDirectory Indexer v3.1.0.1](https://github.com/KoalaBear84/OpenDirectoryDownloader/))

r84/OpenDirectoryDownloader/))

))

loader/))

2024-09-15 20:34:55.524 -04:00 [INF] Http status codes
200: 1
Total files: 349, Total estimated size: n/a
Total directories: 1
Total HTTP requests: 1, Total HTTP traffic: 39.56 kiB
|**Url:** [http://www.exploremarmaris.com/read/Su...](http://www.exploremarmaris.com/read/Survival/)|||
|:-|-:|-:|
|**Extension (Top 5)**|**Files**|**Size**|
|.pdf|349|n/a|
|**Dirs:** 1 **Ext:** 1|**Total:** 349|**Total:** n/a|
|**Date (UTC):** 2024-09-16 00:34:53|**Time:** 00:00:02||

^(Created by [KoalaBear84's OpenDirectory Indexer v3.1.0.1](https://github.com/KoalaBear84/OpenDirectoryDownloader/))

nDirectoryDownloader/))

2024-09-15 20:35:11.943 -04:00 [INF] Http status codes
200: 1
Total files: 3,499, Total estimated size: 37.39 GiB
Total directories: 1
Total HTTP requests: 1, Total HTTP traffic: 688.32 kiB
|**Url:** [https://cvltnation.com/wp-content/audi...](https://cvltnation.com/wp-content/audio/?C=M;O=A)|||
|:-|-:|-:|
|**Extension (Top 5)**|**Files**|**Size**|
|.mp3|3,483|37.12 GiB|
|.m4a|8|221.8 MiB|
|.aif|1|26 MiB|
|.wav|1|25 MiB|
|.jpg|2|3.1 MiB|
|**Dirs:** 1 **Ext:** 7|**Total:** 3,499|**Total:** 37.39 GiB|
|**Date (UTC):** 2024-09-16 00:34:58|**Time:** 00:00:13||

^(Created by [KoalaBear84's OpenDirectory Indexer v3.1.0.1](https://github.com/KoalaBear84/OpenDirectoryDownloader/))

200: 1
Total files: 13, Total estimated size: 10.84 GiB
Total directories: 1
Total HTTP requests: 1, Total HTTP traffic: 9.62 kiB
|**Url:** [https://dls7.top-topmovies.click/Donya...](https://dls7.top-topmovies.click/DonyayeSerial/series2/tt0903747/SoftSub/S02/1080p.BluRay/)|||
|:-|-:|-:|
|**Extension (Top 5)**|**Files**|**Size**|
|.mkv|13|10.84 GiB|
|**Dirs:** 1 **Ext:** 1|**Total:** 13|**Total:** 10.84 GiB|
|**Date (UTC):** 2024-09-16 00:35:06|**Time:** 00:00:05||

^(Created by [KoalaBear84's OpenDirectory Indexer v3.1.0.1](https://github.com/KoalaBear84/OpenDirectoryDownloader/))

OpenDirectoryDownloader/))

2024-09-15 20:35:19.358 -04:00 [INF] Http status codes
200: 5
Total files: 2,637, Total estimated size: 224.93 MiB
Total directories: 5
Total HTTP requests: 5, Total HTTP traffic: 251.25 kiB
|**Url:** [https://www.chordsandguitar.com/music/](https://www.chordsandguitar.com/music/)|||
|:-|-:|-:|
|**Extension (Top 5)**|**Files**|**Size**|
|.doc|1,907|142.48 MiB|
|.pdf|358|44.92 MiB|
|.zip|3|14.08 MiB|
|.mp3|8|12.62 MiB|
|.mid|335|10.16 MiB|
|**Dirs:** 5 **Ext:** 9|**Total:** 2,637|**Total:** 224.93 MiB|
|**Date (UTC):** 2024-09-16 00:35:13|**Time:** 00:00:06||

^(Created by [KoalaBear84's OpenDirectory Indexer v3.1.0.1](https://github.com/KoalaBear84/OpenDirectoryDownloader/))

ownloader/))

2024-09-15 20:35:21.777 -04:00 [INF] Http status codes
200: 6
404: 16
Total files: 0, Total estimated size: n/a
Total directories: 36
Total HTTP requests: 22, Total HTTP traffic: 373.41 kiB
|**Url:** [https://originaltrilogy.com/topic/An-I...](https://originaltrilogy.com/topic/An-Index-Of-Projects-Help-Thread-for-Fan-Edits-Projects-for-Other-Properties/id/60623/)|||
|:-|-:|-:|
|**Extension (Top 5)**|**Files**|**Size**|
|**Dirs:** 36 **Ext:** 0|**Total:** 0|**Total:** n/a|
|**Date (UTC):** 2024-09-16 00:35:18|**Time:** 00:00:03||

^(Created by [KoalaBear84's OpenDirectory Indexer v3.1.0.1](https://github.com/KoalaBear84/OpenDirectoryDownloader/))

/))

2024-09-15 20:35:40.429 -04:00 [INF] Http status codes
200: 16
Total files: 124, Total estimated size: 73.51 GiB
Total directories: 16
Total HTTP requests: 16, Total HTTP traffic: 22.86 kiB
|**Url:** [https://s1.doshakhe.com/series/Breakin...](https://s1.doshakhe.com/series/Breaking Bad/)|||
|:-|-:|-:|
|**Extension (Top 5)**|**Files**|**Size**|
|.mkv|124|73.51 GiB|
|**Dirs:** 16 **Ext:** 1|**Total:** 124|**Total:** 73.51 GiB|
|**Date (UTC):** 2024-09-16 00:35:36|**Time:** 00:00:04||

^(Created by [KoalaBear84's OpenDirectory Indexer v3.1.0.1](https://github.com/KoalaBear84/OpenDirectoryDownloader/))

2024-09-15 20:39:59.825 -04:00 [INF] Http status codes
200: 16
Total files: 124, Total estimated size: 73.51 GiB
Total directories: 16
Total HTTP requests: 16, Total HTTP traffic: 22.86 kiB
|**Url:** [https://s1.doshakhe.com/series/Breakin...](https://s1.doshakhe.com/series/Breaking Bad/)|||
|:-|-:|-:|
|**Extension (Top 5)**|**Files**|**Size**|
|.mkv|124|73.51 GiB|
|**Dirs:** 16 **Ext:** 1|**Total:** 124|**Total:** 73.51 GiB|
|**Date (UTC):** 2024-09-16 00:39:52|**Time:** 00:00:07||

^(Created by [KoalaBear84's OpenDirectory Indexer v3.1.0.1](https://github.com/KoalaBear84/OpenDirectoryDownloader/))

ndexer v3.1.0.1](https://github.com/KoalaBear82024-09-15 20:39:59.481 -04:002024-09-15 20:40:02.537 -04:00 [INF] Http status codes
200: 1
Total files: 1, Total estimated size: n/a
Total directories: 1
Total HTTP requests: 1, Total HTTP traffic: 129.98 kiB
|**Url:** [https://youxxansc2214.com/blogs/djeczs...](https://youxxansc2214.com/blogs/djeczsap-89/)|||
|:-|-:|-:|
|**Extension (Top 5)**|**Files**|**Size**|
|.xml|1|n/a|
|**Dirs:** 1 **Ext:** 1|**Total:** 1|**Total:** n/a|
|**Date (UTC):** 2024-09-16 00:39:59|**Time:** 00:00:03||

^(Created by [KoalaBear84's OpenDirectory Indexer v3.1.0.1](https://github.com/KoalaBear84/OpenDirectoryDownloader/))

ub2024-09-15 20:40:03.517 -04:00 [INF] Http status codes
200: 1
Total files: 426, Total esti2024-09-15 20:40:06.578 -04:00 [INF] Http status codes
200: 1
Total files: 1, Total estimated size: n/a
Total directories: 1
Total HTTP requests: 1, Total HTTP traffic: 122.29 kiB
|**Url:** [https://www.uxxohdhmiwxs.com/bet/bbcqf...](https://www.uxxohdhmiwxs.com/bet/bbcqfzor-280/)|||
|:-|-:|-:|
|**Extension (Top 5)**|**Files**|**Size**|
|.xml|1|n/a|
|**Dirs:** 1 **Ext:** 1|**Total:** 1|**Total:** n/a|
|**Date (UTC):** 2024-09-16 00:40:03|**Time:** 00:00:03||

^(Created by [KoalaBear84's OpenDirectory Indexer v3.1.0.1](https://github.com/KoalaBear84/OpenDirectoryDownloader/))

.12024-09-15 20:40:09.267 -04:00 [INF] Http status codes
200: 1
Total files: 116, Total estimated size: 154.89 MiB
Total directories: 1
Total HTTP requests: 1, Total HTTP traffic: 22.02 kiB
|**Url:** [https://www.quizmasters.biz/DB/Audio/T...](https://www.quizmasters.biz/DB/Audio/Tv Themes/Mp3/B/)|||
|:-|-:|-:|
|**Extension (Top 5)**|**Files**|**Size**|
|.mp3|116|154.89 MiB|
|**Dirs:** 1 **Ext:** 1|**Total:** 116|**Total:** 154.89 MiB|
|**Date (UTC):** 2024-09-16 00:40:05|**Time:** 00:00:04||

^(Created by [KoalaBear84's OpenDirectory Indexer v3.1.0.1](https://github.com/KoalaBear84/OpenDirectoryDownloader/))

tps://github.com/KoalaBear84/OpenDirectoryDownloader/))

2024-09-15 20:40:23.029 -04:00 [INF] Http status codes
403: 3
Total files: 0, Total estimated size: n/a
Total directories: 1
Total HTTP requests: 1, Total HTTP traffic:  B
|**Url:** [https://www.studocu.com/en-gb/document...](https://www.studocu.com/en-gb/document/university-college-london/developing-effective-communication/lab-script-refractive-index-of-water/45922538)|||
|:-|-:|-:|
|**Extension (Top 5)**|**Files**|**Size**|
|**Dirs:** 1 **Ext:** 0|**Total:** 0|**Total:** n/a|
|**Date (UTC):** 2024-09-16 00:40:12|**Time:** 00:00:10||

^(Created by [KoalaBear84's OpenDirectory Indexer v3.1.0.1](https://github.com/KoalaBear84/OpenDirectoryDownloader/))

NF] Http2024-09-2024-09-15 20:40:22.969 -04:00 [INF] Http status codes
200: 1
Total files: 2,519, Total estimated size: 121.27 MiB
Total directories: 1
Total HTTP requests: 1, Total HTTP traffic: 483.32 kiB
|**Url:** [https://www.biologicaldiversity.org/ne...](https://www.biologicaldiversity.org/news/media-archive/)|||
|:-|-:|-:|
|**Extension (Top 5)**|**Files**|**Size**|
|.pdf|2,519|121.27 MiB|
|**Dirs:** 1 **Ext:** 1|**Total:** 2,519|**Total:** 121.27 MiB|
|**Date (UTC):** 2024-09-16 00:40:19|**Time:** 00:00:03||

^(Created by [KoalaBear84's OpenDirectory Indexer v3.1.0.1](https://github.com/KoalaBear84/OpenDirectoryDownloader/))

2024-09-15 20:40:25.488 -04:00 [INF2024-09-15 20:40:27.340 -04:00 [INF] Http status codes
200: 1
Total files: 156, Total estimated size: 4.47 GiB
Total directories: 1
Total HTTP requests: 1, Total HTTP traffic: 40.45 kiB
|**Url:** [https://www.shlomifish.org/Files/files...](https://www.shlomifish.org/Files/files/dirs/shlomif-Download/First-To-Eleven/)|||
|:-|-:|-:|
|**Extension (Top 5)**|**Files**|**Size**|
|.mp4|156|4.47 GiB|
|**Dirs:** 1 **Ext:** 1|**Total:** 156|**Total:** 4.47 GiB|
|**Date (UTC):** 2024-09-16 00:40:24|**Time:** 00:00:03||

^(Created by [KoalaBear84's OpenDirectory Indexer v3.1.0.1](https://github.com/KoalaBear84/OpenDirectoryDownloader/))

v3.1.0.1](https://github.com/KoalaBear84/OpenDirectoryDownloader/2024-09-15 20:40:30.721 -04:00 [INF] Http status codes
200: 5
Total files: 2,637, Total estimated size: 224.93 MiB
Total directories: 5
Total HTTP requests: 5, Total HTTP traffic: 251.25 kiB
|**Url:** [https://www.chordsandguitar.com/music/](https://www.chordsandguitar.com/music/)|||
|:-|-:|-:|
|**Extension (Top 5)**|**Files**|**Size**|
|.doc|1,907|142.48 MiB|
|.pdf|358|44.92 MiB|
|.zip|3|14.08 MiB|
|.mp3|8|12.62 MiB|
|.mid|335|10.16 MiB|
|**Dirs:** 5 **Ext:** 9|**Total:** 2,637|**Total:** 224.93 MiB|
|**Date (UTC):** 2024-09-16 00:40:25|**Time:** 00:00:05||

^(Created by [KoalaBear84's OpenDirectory Indexer v3.1.0.1](ht2024-09-15 20:40:33.062 -04:00 [INF] Http status codes
200: 1
Total files: 2,759, Total estimated size: 4.49 GiB
Total directories: 1
Total HTTP requests: 1, Total HTTP traffic: 1.27 MiB
|**Url:** [https://www.hayatcongress.com/wp-conte...](https://www.hayatcongress.com/wp-content/uploads/2024/03/?SD)|||
|:-|-:|-:|
|**Extension (Top 5)**|**Files**|**Size**|
|.pptx|170|3.71 GiB|
|.mp4|1|528.87 MiB|
|.jpg|2,582|216.12 MiB|
|.pptm|1|60.44 MiB|
|.ppt|2|1.36 MiB|
|**Dirs:** 1 **Ext:** 7|**Total:** 2,759|**Total:** 4.49 GiB|
|**Date (UTC):** 2024-09-16 00:40:29|**Time:** 00:00:03||

^(Created by [KoalaBear84's OpenDirectory Indexer v3.1.0.1](https://github.c2024-09-15 20:40:35.283 -04:00 [INF] Http s2024-09-15 20:40:43.753 -04:00 [INF] Http status codes
403: 3
Total files: 0, Total estimated size: n/a
Total directories: 1
Total HTTP requests: 1, Total HTTP traffic:  B
|**Url:** [https://www.aiptcomics.com/wp-content/...](https://www.aiptcomics.com/wp-content/uploads/2019/08/?SD)|||
|:-|-:|-:|
|**Extension (Top 5)**|**Files**|**Size**|
|**Dirs:** 1 **Ext:** 0|**Total:** 0|**Total:** n/a|
|**Date (UTC):** 2024-09-16 00:40:33|**Time:** 00:00:10||

^(Created by [KoalaBear84's OpenDirectory Indexer v3.1.0.1](https://github.com/KoalaBear84/OpenDirectoryDownloader/))

ader/))

2024-09-15 20:45:47.553 -04:00 [INF] Http status codes
200: 1
Total files: 18,786, Total estimated size: 881.99 MiB
Total directories: 1
Total HTTP requests: 1, Total HTTP traffic: 3.48 MiB
|**Url:** [https://img4.rapidleaks.com/2015/12/](https://img4.rapidleaks.com/2015/12/)|||
|:-|-:|-:|
|**Extension (Top 5)**|**Files**|**Size**|
|.jpg|17,458|714.45 MiB|
|.png|752|90.38 MiB|
|.webp|359|38.41 MiB|
|.gif|119|18.09 MiB|
|.mp4|1|17 MiB|
|**Dirs:** 1 **Ext:** 7|**Total:** 18,786|**Total:** 881.99 MiB|
|**Date (UTC):** 2024-09-16 00:45:33|**Time:** 00:00:12||

^(Created by [KoalaBear84's OpenDirectory Indexer v3.1.0.1](https://github.com/KoalaBear84/OpenDirectoryDownlo2024-09-15 20:45:50.281 -04:00 [INF] Http status codes
200: 1
Total files: 2,242, Total estimated size: 203.96 MiB
Total directories: 1
Total HTTP requests: 1, Total HTTP traffic: 600.2 kiB
|**Url:** [https://filmdude.com.au/images/photos/](https://filmdude.com.au/images/photos/)|||
|:-|-:|-:|
|**Extension (Top 5)**|**Files**|**Size**|
|.jpg|2,240|202.77 MiB|
||1|1.16 MiB|
|.php|1|26 kiB|
|**Dirs:** 1 **Ext:** 3|**Total:** 2,242|**Total:** 203.96 MiB|
|**Date (UTC):** 2024-09-16 00:45:41|**Time:** 00:00:08||

^(Created by [KoalaBear84's OpenDirectory Indexer v3.1.0.1](https://gith2024-09-15 20:45:55.735 -04:00 [INF] Http statu2024-09-15 20:46:08.011 -04:00 [INF] Http status codes
200: 1
Total files: 21,757, Total estimated size: 18.03 GiB
Total directories: 1
Total HTTP requests: 1, Total HTTP traffic: 6.05 MiB
|**Url:** [https://www.mid-day.com/images/voice-o...](https://www.mid-day.com/images/voice-of-article/)|||
|:-|-:|-:|
|**Extension (Top 5)**|**Files**|**Size**|
|.mp3|21,757|18.03 GiB|
|**Dirs:** 1 **Ext:** 1|**Total:** 21,757|**Total:** 18.03 GiB|
|**Date (UTC):** 2024-09-16 00:45:55|**Time:** 00:00:12||

^(Created by [KoalaBear84's OpenDirectory Indexer v3.1.0.1](https://github.com/KoalaBear84/OpenDirectoryDownloader/))

ndexer v3.1.0.1](https://github.com/KoalaBear84/OpenDirectoryDownloader/))

